INFO - 2022-02-05 04:09:14 --> Controller "CodeIgniter\CLI\CommandRunner" loaded.
INFO - 2022-02-05 04:09:46 --> Controller "CodeIgniter\CLI\CommandRunner" loaded.
INFO - 2022-02-05 04:09:52 --> Controller "App\Controllers\base\Beranda" loaded.
CRITICAL - 2022-02-05 04:09:52 --> Unknown database 'sidoinikahv2'
#0 C:\xampp\htdocs\web-wedding\system\Database\BaseConnection.php(377): CodeIgniter\Database\MySQLi\Connection->connect(false)
#1 C:\xampp\htdocs\web-wedding\system\Database\BaseConnection.php(643): CodeIgniter\Database\BaseConnection->initialize()
#2 C:\xampp\htdocs\web-wedding\system\Database\BaseBuilder.php(1819): CodeIgniter\Database\BaseConnection->query('SELECT *\nFROM `...', Array, false)
#3 C:\xampp\htdocs\web-wedding\app\Models\base\BerandaModel.php(31): CodeIgniter\Database\BaseBuilder->get()
#4 C:\xampp\htdocs\web-wedding\app\Controllers\base\Beranda.php(26): App\Models\base\BerandaModel->get_all_themes()
#5 C:\xampp\htdocs\web-wedding\system\CodeIgniter.php(910): App\Controllers\base\Beranda->index()
#6 C:\xampp\htdocs\web-wedding\system\CodeIgniter.php(398): CodeIgniter\CodeIgniter->runController(Object(App\Controllers\base\Beranda))
#7 C:\xampp\htdocs\web-wedding\system\CodeIgniter.php(306): CodeIgniter\CodeIgniter->handleRequest(NULL, Object(Config\Cache), false)
#8 C:\xampp\htdocs\web-wedding\public\index.php(45): CodeIgniter\CodeIgniter->run()
#9 C:\xampp\htdocs\web-wedding\system\Commands\Server\rewrite.php(34): require_once('C:\\xampp\\htdocs...')
#10 {main}
INFO - 2022-02-05 04:09:53 --> Controller "App\Controllers\base\Beranda" loaded.
CRITICAL - 2022-02-05 04:09:53 --> Unknown database 'sidoinikahv2'
#0 C:\xampp\htdocs\web-wedding\system\Database\BaseConnection.php(377): CodeIgniter\Database\MySQLi\Connection->connect(false)
#1 C:\xampp\htdocs\web-wedding\system\Database\BaseConnection.php(643): CodeIgniter\Database\BaseConnection->initialize()
#2 C:\xampp\htdocs\web-wedding\system\Database\BaseBuilder.php(1819): CodeIgniter\Database\BaseConnection->query('SELECT *\nFROM `...', Array, false)
#3 C:\xampp\htdocs\web-wedding\app\Models\base\BerandaModel.php(31): CodeIgniter\Database\BaseBuilder->get()
#4 C:\xampp\htdocs\web-wedding\app\Controllers\base\Beranda.php(26): App\Models\base\BerandaModel->get_all_themes()
#5 C:\xampp\htdocs\web-wedding\system\CodeIgniter.php(910): App\Controllers\base\Beranda->index()
#6 C:\xampp\htdocs\web-wedding\system\CodeIgniter.php(398): CodeIgniter\CodeIgniter->runController(Object(App\Controllers\base\Beranda))
#7 C:\xampp\htdocs\web-wedding\system\CodeIgniter.php(306): CodeIgniter\CodeIgniter->handleRequest(NULL, Object(Config\Cache), false)
#8 C:\xampp\htdocs\web-wedding\public\index.php(45): CodeIgniter\CodeIgniter->run()
#9 C:\xampp\htdocs\web-wedding\system\Commands\Server\rewrite.php(34): require_once('C:\\xampp\\htdocs...')
#10 {main}
INFO - 2022-02-05 04:10:00 --> Controller "CodeIgniter\CLI\CommandRunner" loaded.
INFO - 2022-02-05 04:10:04 --> Controller "App\Controllers\base\Beranda" loaded.
CRITICAL - 2022-02-05 04:10:04 --> Unknown database 'sidoinikahv2'
#0 C:\xampp\htdocs\web-wedding\system\Database\BaseConnection.php(377): CodeIgniter\Database\MySQLi\Connection->connect(false)
#1 C:\xampp\htdocs\web-wedding\system\Database\BaseConnection.php(643): CodeIgniter\Database\BaseConnection->initialize()
#2 C:\xampp\htdocs\web-wedding\system\Database\BaseBuilder.php(1819): CodeIgniter\Database\BaseConnection->query('SELECT *\nFROM `...', Array, false)
#3 C:\xampp\htdocs\web-wedding\app\Models\base\BerandaModel.php(31): CodeIgniter\Database\BaseBuilder->get()
#4 C:\xampp\htdocs\web-wedding\app\Controllers\base\Beranda.php(26): App\Models\base\BerandaModel->get_all_themes()
#5 C:\xampp\htdocs\web-wedding\system\CodeIgniter.php(910): App\Controllers\base\Beranda->index()
#6 C:\xampp\htdocs\web-wedding\system\CodeIgniter.php(398): CodeIgniter\CodeIgniter->runController(Object(App\Controllers\base\Beranda))
#7 C:\xampp\htdocs\web-wedding\system\CodeIgniter.php(306): CodeIgniter\CodeIgniter->handleRequest(NULL, Object(Config\Cache), false)
#8 C:\xampp\htdocs\web-wedding\public\index.php(45): CodeIgniter\CodeIgniter->run()
#9 C:\xampp\htdocs\web-wedding\system\Commands\Server\rewrite.php(34): require_once('C:\\xampp\\htdocs...')
#10 {main}
INFO - 2022-02-05 04:10:04 --> Controller "App\Controllers\base\Beranda" loaded.
CRITICAL - 2022-02-05 04:10:04 --> Unknown database 'sidoinikahv2'
#0 C:\xampp\htdocs\web-wedding\system\Database\BaseConnection.php(377): CodeIgniter\Database\MySQLi\Connection->connect(false)
#1 C:\xampp\htdocs\web-wedding\system\Database\BaseConnection.php(643): CodeIgniter\Database\BaseConnection->initialize()
#2 C:\xampp\htdocs\web-wedding\system\Database\BaseBuilder.php(1819): CodeIgniter\Database\BaseConnection->query('SELECT *\nFROM `...', Array, false)
#3 C:\xampp\htdocs\web-wedding\app\Models\base\BerandaModel.php(31): CodeIgniter\Database\BaseBuilder->get()
#4 C:\xampp\htdocs\web-wedding\app\Controllers\base\Beranda.php(26): App\Models\base\BerandaModel->get_all_themes()
#5 C:\xampp\htdocs\web-wedding\system\CodeIgniter.php(910): App\Controllers\base\Beranda->index()
#6 C:\xampp\htdocs\web-wedding\system\CodeIgniter.php(398): CodeIgniter\CodeIgniter->runController(Object(App\Controllers\base\Beranda))
#7 C:\xampp\htdocs\web-wedding\system\CodeIgniter.php(306): CodeIgniter\CodeIgniter->handleRequest(NULL, Object(Config\Cache), false)
#8 C:\xampp\htdocs\web-wedding\public\index.php(45): CodeIgniter\CodeIgniter->run()
#9 C:\xampp\htdocs\web-wedding\system\Commands\Server\rewrite.php(34): require_once('C:\\xampp\\htdocs...')
#10 {main}
INFO - 2022-02-05 04:10:22 --> Controller "App\Controllers\base\Beranda" loaded.
CRITICAL - 2022-02-05 04:10:22 --> Unknown database 'sidoinikahv2'
#0 C:\xampp\htdocs\web-wedding\system\Database\BaseConnection.php(377): CodeIgniter\Database\MySQLi\Connection->connect(false)
#1 C:\xampp\htdocs\web-wedding\system\Database\BaseConnection.php(643): CodeIgniter\Database\BaseConnection->initialize()
#2 C:\xampp\htdocs\web-wedding\system\Database\BaseBuilder.php(1819): CodeIgniter\Database\BaseConnection->query('SELECT *\nFROM `...', Array, false)
#3 C:\xampp\htdocs\web-wedding\app\Models\base\BerandaModel.php(31): CodeIgniter\Database\BaseBuilder->get()
#4 C:\xampp\htdocs\web-wedding\app\Controllers\base\Beranda.php(26): App\Models\base\BerandaModel->get_all_themes()
#5 C:\xampp\htdocs\web-wedding\system\CodeIgniter.php(910): App\Controllers\base\Beranda->index()
#6 C:\xampp\htdocs\web-wedding\system\CodeIgniter.php(398): CodeIgniter\CodeIgniter->runController(Object(App\Controllers\base\Beranda))
#7 C:\xampp\htdocs\web-wedding\system\CodeIgniter.php(306): CodeIgniter\CodeIgniter->handleRequest(NULL, Object(Config\Cache), false)
#8 C:\xampp\htdocs\web-wedding\public\index.php(45): CodeIgniter\CodeIgniter->run()
#9 C:\xampp\htdocs\web-wedding\system\Commands\Server\rewrite.php(34): require_once('C:\\xampp\\htdocs...')
#10 {main}
CRITICAL - 2022-02-05 04:10:22 --> Uncaught ErrorException: print_r(): Property access is not allowed yet in C:\xampp\htdocs\web-wedding\app\Views\errors\html\error_exception.php:100
Stack trace:
#0 [internal function]: CodeIgniter\Debug\Exceptions->errorHandler(2, 'print_r(): Prop...', 'C:\\xampp\\htdocs...', 100, Array)
#1 C:\xampp\htdocs\web-wedding\app\Views\errors\html\error_exception.php(100): print_r(Object(App\Controllers\base\Beranda), true)
#2 C:\xampp\htdocs\web-wedding\system\Debug\Exceptions.php(298): include('C:\\xampp\\htdocs...')
#3 C:\xampp\htdocs\web-wedding\system\Debug\Exceptions.php(171): CodeIgniter\Debug\Exceptions->render(Object(mysqli_sql_exception), 500)
#4 [internal function]: CodeIgniter\Debug\Exceptions->exceptionHandler(Object(mysqli_sql_exception))
#5 {main}
  thrown
#0 [internal function]: CodeIgniter\Debug\Exceptions->shutdownHandler()
#1 {main}
INFO - 2022-02-05 04:10:23 --> Controller "App\Controllers\base\Beranda" loaded.
CRITICAL - 2022-02-05 04:10:23 --> Unknown database 'sidoinikahv2'
#0 C:\xampp\htdocs\web-wedding\system\Database\BaseConnection.php(377): CodeIgniter\Database\MySQLi\Connection->connect(false)
#1 C:\xampp\htdocs\web-wedding\system\Database\BaseConnection.php(643): CodeIgniter\Database\BaseConnection->initialize()
#2 C:\xampp\htdocs\web-wedding\system\Database\BaseBuilder.php(1819): CodeIgniter\Database\BaseConnection->query('SELECT *\nFROM `...', Array, false)
#3 C:\xampp\htdocs\web-wedding\app\Models\base\BerandaModel.php(31): CodeIgniter\Database\BaseBuilder->get()
#4 C:\xampp\htdocs\web-wedding\app\Controllers\base\Beranda.php(26): App\Models\base\BerandaModel->get_all_themes()
#5 C:\xampp\htdocs\web-wedding\system\CodeIgniter.php(910): App\Controllers\base\Beranda->index()
#6 C:\xampp\htdocs\web-wedding\system\CodeIgniter.php(398): CodeIgniter\CodeIgniter->runController(Object(App\Controllers\base\Beranda))
#7 C:\xampp\htdocs\web-wedding\system\CodeIgniter.php(306): CodeIgniter\CodeIgniter->handleRequest(NULL, Object(Config\Cache), false)
#8 C:\xampp\htdocs\web-wedding\public\index.php(45): CodeIgniter\CodeIgniter->run()
#9 C:\xampp\htdocs\web-wedding\system\Commands\Server\rewrite.php(34): require_once('C:\\xampp\\htdocs...')
#10 {main}
INFO - 2022-02-05 04:15:36 --> Controller "App\Controllers\base\Beranda" loaded.
CRITICAL - 2022-02-05 04:15:36 --> Unknown database 'sidoinikahv2'
#0 C:\xampp\htdocs\web-wedding\system\Database\BaseConnection.php(377): CodeIgniter\Database\MySQLi\Connection->connect(false)
#1 C:\xampp\htdocs\web-wedding\system\Database\BaseConnection.php(643): CodeIgniter\Database\BaseConnection->initialize()
#2 C:\xampp\htdocs\web-wedding\system\Database\BaseBuilder.php(1819): CodeIgniter\Database\BaseConnection->query('SELECT *\nFROM `...', Array, false)
#3 C:\xampp\htdocs\web-wedding\app\Models\base\BerandaModel.php(31): CodeIgniter\Database\BaseBuilder->get()
#4 C:\xampp\htdocs\web-wedding\app\Controllers\base\Beranda.php(26): App\Models\base\BerandaModel->get_all_themes()
#5 C:\xampp\htdocs\web-wedding\system\CodeIgniter.php(910): App\Controllers\base\Beranda->index()
#6 C:\xampp\htdocs\web-wedding\system\CodeIgniter.php(398): CodeIgniter\CodeIgniter->runController(Object(App\Controllers\base\Beranda))
#7 C:\xampp\htdocs\web-wedding\system\CodeIgniter.php(306): CodeIgniter\CodeIgniter->handleRequest(NULL, Object(Config\Cache), false)
#8 C:\xampp\htdocs\web-wedding\public\index.php(45): CodeIgniter\CodeIgniter->run()
#9 C:\xampp\htdocs\web-wedding\system\Commands\Server\rewrite.php(34): require_once('C:\\xampp\\htdocs...')
#10 {main}
CRITICAL - 2022-02-05 04:15:36 --> Uncaught ErrorException: print_r(): Property access is not allowed yet in C:\xampp\htdocs\web-wedding\app\Views\errors\html\error_exception.php:100
Stack trace:
#0 [internal function]: CodeIgniter\Debug\Exceptions->errorHandler(2, 'print_r(): Prop...', 'C:\\xampp\\htdocs...', 100, Array)
#1 C:\xampp\htdocs\web-wedding\app\Views\errors\html\error_exception.php(100): print_r(Object(App\Controllers\base\Beranda), true)
#2 C:\xampp\htdocs\web-wedding\system\Debug\Exceptions.php(298): include('C:\\xampp\\htdocs...')
#3 C:\xampp\htdocs\web-wedding\system\Debug\Exceptions.php(171): CodeIgniter\Debug\Exceptions->render(Object(mysqli_sql_exception), 500)
#4 [internal function]: CodeIgniter\Debug\Exceptions->exceptionHandler(Object(mysqli_sql_exception))
#5 {main}
  thrown
#0 [internal function]: CodeIgniter\Debug\Exceptions->shutdownHandler()
#1 {main}
INFO - 2022-02-05 04:15:37 --> Controller "App\Controllers\base\Beranda" loaded.
CRITICAL - 2022-02-05 04:15:37 --> Unknown database 'sidoinikahv2'
#0 C:\xampp\htdocs\web-wedding\system\Database\BaseConnection.php(377): CodeIgniter\Database\MySQLi\Connection->connect(false)
#1 C:\xampp\htdocs\web-wedding\system\Database\BaseConnection.php(643): CodeIgniter\Database\BaseConnection->initialize()
#2 C:\xampp\htdocs\web-wedding\system\Database\BaseBuilder.php(1819): CodeIgniter\Database\BaseConnection->query('SELECT *\nFROM `...', Array, false)
#3 C:\xampp\htdocs\web-wedding\app\Models\base\BerandaModel.php(31): CodeIgniter\Database\BaseBuilder->get()
#4 C:\xampp\htdocs\web-wedding\app\Controllers\base\Beranda.php(26): App\Models\base\BerandaModel->get_all_themes()
#5 C:\xampp\htdocs\web-wedding\system\CodeIgniter.php(910): App\Controllers\base\Beranda->index()
#6 C:\xampp\htdocs\web-wedding\system\CodeIgniter.php(398): CodeIgniter\CodeIgniter->runController(Object(App\Controllers\base\Beranda))
#7 C:\xampp\htdocs\web-wedding\system\CodeIgniter.php(306): CodeIgniter\CodeIgniter->handleRequest(NULL, Object(Config\Cache), false)
#8 C:\xampp\htdocs\web-wedding\public\index.php(45): CodeIgniter\CodeIgniter->run()
#9 C:\xampp\htdocs\web-wedding\system\Commands\Server\rewrite.php(34): require_once('C:\\xampp\\htdocs...')
#10 {main}
INFO - 2022-02-05 04:20:48 --> Controller "App\Controllers\base\Beranda" loaded.
CRITICAL - 2022-02-05 04:20:48 --> Unknown database 'sidoinikahv2'
#0 C:\xampp\htdocs\web-wedding\system\Database\BaseConnection.php(377): CodeIgniter\Database\MySQLi\Connection->connect(false)
#1 C:\xampp\htdocs\web-wedding\system\Database\BaseConnection.php(643): CodeIgniter\Database\BaseConnection->initialize()
#2 C:\xampp\htdocs\web-wedding\system\Database\BaseBuilder.php(1819): CodeIgniter\Database\BaseConnection->query('SELECT *\nFROM `...', Array, false)
#3 C:\xampp\htdocs\web-wedding\app\Models\base\BerandaModel.php(31): CodeIgniter\Database\BaseBuilder->get()
#4 C:\xampp\htdocs\web-wedding\app\Controllers\base\Beranda.php(26): App\Models\base\BerandaModel->get_all_themes()
#5 C:\xampp\htdocs\web-wedding\system\CodeIgniter.php(910): App\Controllers\base\Beranda->index()
#6 C:\xampp\htdocs\web-wedding\system\CodeIgniter.php(398): CodeIgniter\CodeIgniter->runController(Object(App\Controllers\base\Beranda))
#7 C:\xampp\htdocs\web-wedding\system\CodeIgniter.php(306): CodeIgniter\CodeIgniter->handleRequest(NULL, Object(Config\Cache), false)
#8 C:\xampp\htdocs\web-wedding\public\index.php(45): CodeIgniter\CodeIgniter->run()
#9 C:\xampp\htdocs\web-wedding\system\Commands\Server\rewrite.php(34): require_once('C:\\xampp\\htdocs...')
#10 {main}
CRITICAL - 2022-02-05 04:20:49 --> Uncaught ErrorException: print_r(): Property access is not allowed yet in C:\xampp\htdocs\web-wedding\app\Views\errors\html\error_exception.php:100
Stack trace:
#0 [internal function]: CodeIgniter\Debug\Exceptions->errorHandler(2, 'print_r(): Prop...', 'C:\\xampp\\htdocs...', 100, Array)
#1 C:\xampp\htdocs\web-wedding\app\Views\errors\html\error_exception.php(100): print_r(Object(App\Controllers\base\Beranda), true)
#2 C:\xampp\htdocs\web-wedding\system\Debug\Exceptions.php(298): include('C:\\xampp\\htdocs...')
#3 C:\xampp\htdocs\web-wedding\system\Debug\Exceptions.php(171): CodeIgniter\Debug\Exceptions->render(Object(mysqli_sql_exception), 500)
#4 [internal function]: CodeIgniter\Debug\Exceptions->exceptionHandler(Object(mysqli_sql_exception))
#5 {main}
  thrown
#0 [internal function]: CodeIgniter\Debug\Exceptions->shutdownHandler()
#1 {main}
INFO - 2022-02-05 04:20:49 --> Controller "App\Controllers\base\Beranda" loaded.
CRITICAL - 2022-02-05 04:20:49 --> Unknown database 'sidoinikahv2'
#0 C:\xampp\htdocs\web-wedding\system\Database\BaseConnection.php(377): CodeIgniter\Database\MySQLi\Connection->connect(false)
#1 C:\xampp\htdocs\web-wedding\system\Database\BaseConnection.php(643): CodeIgniter\Database\BaseConnection->initialize()
#2 C:\xampp\htdocs\web-wedding\system\Database\BaseBuilder.php(1819): CodeIgniter\Database\BaseConnection->query('SELECT *\nFROM `...', Array, false)
#3 C:\xampp\htdocs\web-wedding\app\Models\base\BerandaModel.php(31): CodeIgniter\Database\BaseBuilder->get()
#4 C:\xampp\htdocs\web-wedding\app\Controllers\base\Beranda.php(26): App\Models\base\BerandaModel->get_all_themes()
#5 C:\xampp\htdocs\web-wedding\system\CodeIgniter.php(910): App\Controllers\base\Beranda->index()
#6 C:\xampp\htdocs\web-wedding\system\CodeIgniter.php(398): CodeIgniter\CodeIgniter->runController(Object(App\Controllers\base\Beranda))
#7 C:\xampp\htdocs\web-wedding\system\CodeIgniter.php(306): CodeIgniter\CodeIgniter->handleRequest(NULL, Object(Config\Cache), false)
#8 C:\xampp\htdocs\web-wedding\public\index.php(45): CodeIgniter\CodeIgniter->run()
#9 C:\xampp\htdocs\web-wedding\system\Commands\Server\rewrite.php(34): require_once('C:\\xampp\\htdocs...')
#10 {main}
INFO - 2022-02-05 04:23:41 --> Controller "App\Controllers\base\Beranda" loaded.
CRITICAL - 2022-02-05 04:23:41 --> Unknown database 'sidoinikahv2'
#0 C:\xampp\htdocs\web-wedding\system\Database\BaseConnection.php(377): CodeIgniter\Database\MySQLi\Connection->connect(false)
#1 C:\xampp\htdocs\web-wedding\system\Database\BaseConnection.php(643): CodeIgniter\Database\BaseConnection->initialize()
#2 C:\xampp\htdocs\web-wedding\system\Database\BaseBuilder.php(1819): CodeIgniter\Database\BaseConnection->query('SELECT *\nFROM `...', Array, false)
#3 C:\xampp\htdocs\web-wedding\app\Models\base\BerandaModel.php(31): CodeIgniter\Database\BaseBuilder->get()
#4 C:\xampp\htdocs\web-wedding\app\Controllers\base\Beranda.php(26): App\Models\base\BerandaModel->get_all_themes()
#5 C:\xampp\htdocs\web-wedding\system\CodeIgniter.php(910): App\Controllers\base\Beranda->index()
#6 C:\xampp\htdocs\web-wedding\system\CodeIgniter.php(398): CodeIgniter\CodeIgniter->runController(Object(App\Controllers\base\Beranda))
#7 C:\xampp\htdocs\web-wedding\system\CodeIgniter.php(306): CodeIgniter\CodeIgniter->handleRequest(NULL, Object(Config\Cache), false)
#8 C:\xampp\htdocs\web-wedding\public\index.php(45): CodeIgniter\CodeIgniter->run()
#9 C:\xampp\htdocs\web-wedding\system\Commands\Server\rewrite.php(34): require_once('C:\\xampp\\htdocs...')
#10 {main}
CRITICAL - 2022-02-05 04:23:41 --> Uncaught ErrorException: print_r(): Property access is not allowed yet in C:\xampp\htdocs\web-wedding\app\Views\errors\html\error_exception.php:100
Stack trace:
#0 [internal function]: CodeIgniter\Debug\Exceptions->errorHandler(2, 'print_r(): Prop...', 'C:\\xampp\\htdocs...', 100, Array)
#1 C:\xampp\htdocs\web-wedding\app\Views\errors\html\error_exception.php(100): print_r(Object(App\Controllers\base\Beranda), true)
#2 C:\xampp\htdocs\web-wedding\system\Debug\Exceptions.php(298): include('C:\\xampp\\htdocs...')
#3 C:\xampp\htdocs\web-wedding\system\Debug\Exceptions.php(171): CodeIgniter\Debug\Exceptions->render(Object(mysqli_sql_exception), 500)
#4 [internal function]: CodeIgniter\Debug\Exceptions->exceptionHandler(Object(mysqli_sql_exception))
#5 {main}
  thrown
#0 [internal function]: CodeIgniter\Debug\Exceptions->shutdownHandler()
#1 {main}
INFO - 2022-02-05 04:23:42 --> Controller "App\Controllers\base\Beranda" loaded.
CRITICAL - 2022-02-05 04:23:42 --> Unknown database 'sidoinikahv2'
#0 C:\xampp\htdocs\web-wedding\system\Database\BaseConnection.php(377): CodeIgniter\Database\MySQLi\Connection->connect(false)
#1 C:\xampp\htdocs\web-wedding\system\Database\BaseConnection.php(643): CodeIgniter\Database\BaseConnection->initialize()
#2 C:\xampp\htdocs\web-wedding\system\Database\BaseBuilder.php(1819): CodeIgniter\Database\BaseConnection->query('SELECT *\nFROM `...', Array, false)
#3 C:\xampp\htdocs\web-wedding\app\Models\base\BerandaModel.php(31): CodeIgniter\Database\BaseBuilder->get()
#4 C:\xampp\htdocs\web-wedding\app\Controllers\base\Beranda.php(26): App\Models\base\BerandaModel->get_all_themes()
#5 C:\xampp\htdocs\web-wedding\system\CodeIgniter.php(910): App\Controllers\base\Beranda->index()
#6 C:\xampp\htdocs\web-wedding\system\CodeIgniter.php(398): CodeIgniter\CodeIgniter->runController(Object(App\Controllers\base\Beranda))
#7 C:\xampp\htdocs\web-wedding\system\CodeIgniter.php(306): CodeIgniter\CodeIgniter->handleRequest(NULL, Object(Config\Cache), false)
#8 C:\xampp\htdocs\web-wedding\public\index.php(45): CodeIgniter\CodeIgniter->run()
#9 C:\xampp\htdocs\web-wedding\system\Commands\Server\rewrite.php(34): require_once('C:\\xampp\\htdocs...')
#10 {main}
INFO - 2022-02-05 04:28:23 --> Controller "App\Controllers\base\Beranda" loaded.
INFO - 2022-02-05 04:28:33 --> Session: Class initialized using 'CodeIgniter\Session\Handlers\FileHandler' driver.
INFO - 2022-02-05 04:28:33 --> Controller "App\Controllers\base\Dashboard" loaded.
INFO - 2022-02-05 04:28:37 --> Controller "App\Controllers\base\Beranda" loaded.
INFO - 2022-02-05 04:29:02 --> Session: Class initialized using 'CodeIgniter\Session\Handlers\FileHandler' driver.
INFO - 2022-02-05 04:29:02 --> Controller "App\Controllers\base\Order" loaded.
INFO - 2022-02-05 04:29:41 --> Session: Class initialized using 'CodeIgniter\Session\Handlers\FileHandler' driver.
INFO - 2022-02-05 04:29:41 --> Controller "App\Controllers\base\Order" loaded.
INFO - 2022-02-05 04:29:49 --> Session: Class initialized using 'CodeIgniter\Session\Handlers\FileHandler' driver.
INFO - 2022-02-05 04:29:49 --> Controller "App\Controllers\base\Order" loaded.
INFO - 2022-02-05 04:29:54 --> Controller "App\Controllers\base\Beranda" loaded.
INFO - 2022-02-05 04:29:58 --> Session: Class initialized using 'CodeIgniter\Session\Handlers\FileHandler' driver.
INFO - 2022-02-05 04:29:58 --> Controller "App\Controllers\base\Dashboard" loaded.
INFO - 2022-02-05 04:32:07 --> Controller "App\Controllers\base\Beranda" loaded.
INFO - 2022-02-05 04:32:15 --> Controller "App\Controllers\base\Beranda" loaded.
INFO - 2022-02-05 04:32:18 --> Controller "App\Controllers\base\Beranda" loaded.
INFO - 2022-02-05 04:37:14 --> Controller "CodeIgniter\CLI\CommandRunner" loaded.
INFO - 2022-02-05 04:37:17 --> Controller "App\Controllers\base\Beranda" loaded.
INFO - 2022-02-05 04:37:25 --> Session: Class initialized using 'CodeIgniter\Session\Handlers\FileHandler' driver.
INFO - 2022-02-05 04:37:25 --> Controller "App\Controllers\base\Dashboard" loaded.
INFO - 2022-02-05 04:37:29 --> Controller "App\Controllers\base\Beranda" loaded.
INFO - 2022-02-05 04:37:33 --> Session: Class initialized using 'CodeIgniter\Session\Handlers\FileHandler' driver.
INFO - 2022-02-05 04:37:33 --> Controller "App\Controllers\base\Order" loaded.
INFO - 2022-02-05 04:37:33 --> Session: Class initialized using 'CodeIgniter\Session\Handlers\FileHandler' driver.
INFO - 2022-02-05 04:37:33 --> Controller "App\Controllers\base\Order" loaded.
INFO - 2022-02-05 04:37:34 --> Session: Class initialized using 'CodeIgniter\Session\Handlers\FileHandler' driver.
INFO - 2022-02-05 04:37:34 --> Controller "App\Controllers\base\Order" loaded.
INFO - 2022-02-05 04:37:40 --> Session: Class initialized using 'CodeIgniter\Session\Handlers\FileHandler' driver.
INFO - 2022-02-05 04:37:40 --> Controller "App\Controllers\base\Order" loaded.
INFO - 2022-02-05 04:37:45 --> Session: Class initialized using 'CodeIgniter\Session\Handlers\FileHandler' driver.
INFO - 2022-02-05 04:37:45 --> Controller "App\Controllers\base\Order" loaded.
INFO - 2022-02-05 04:37:48 --> Session: Class initialized using 'CodeIgniter\Session\Handlers\FileHandler' driver.
INFO - 2022-02-05 04:37:48 --> Controller "App\Controllers\base\Order" loaded.
INFO - 2022-02-05 04:37:55 --> Controller "App\Controllers\base\Beranda" loaded.
INFO - 2022-02-05 04:37:59 --> Controller "App\Controllers\base\Beranda" loaded.
INFO - 2022-02-05 04:38:07 --> Controller "App\Controllers\base\Beranda" loaded.
INFO - 2022-02-05 04:38:11 --> Controller "App\Controllers\base\Beranda" loaded.
INFO - 2022-02-05 04:38:14 --> Session: Class initialized using 'CodeIgniter\Session\Handlers\FileHandler' driver.
INFO - 2022-02-05 04:38:14 --> Controller "App\Controllers\base\Order" loaded.
INFO - 2022-02-05 04:38:14 --> Session: Class initialized using 'CodeIgniter\Session\Handlers\FileHandler' driver.
INFO - 2022-02-05 04:38:14 --> Controller "App\Controllers\base\Order" loaded.
INFO - 2022-02-05 04:38:14 --> Session: Class initialized using 'CodeIgniter\Session\Handlers\FileHandler' driver.
INFO - 2022-02-05 04:38:14 --> Controller "App\Controllers\base\Order" loaded.
INFO - 2022-02-05 04:38:28 --> Session: Class initialized using 'CodeIgniter\Session\Handlers\FileHandler' driver.
INFO - 2022-02-05 04:38:28 --> Controller "App\Controllers\base\Order" loaded.
INFO - 2022-02-05 04:38:32 --> Controller "App\Controllers\base\Beranda" loaded.
INFO - 2022-02-05 04:38:36 --> Controller "App\Controllers\base\Beranda" loaded.
INFO - 2022-02-05 04:38:37 --> Controller "App\Controllers\base\Beranda" loaded.
INFO - 2022-02-05 04:38:40 --> Controller "App\Controllers\base\Beranda" loaded.
INFO - 2022-02-05 04:38:45 --> Controller "App\Controllers\base\Beranda" loaded.
INFO - 2022-02-05 04:39:03 --> Controller "App\Controllers\base\Beranda" loaded.
INFO - 2022-02-05 04:39:03 --> Controller "App\Controllers\base\Beranda" loaded.
INFO - 2022-02-05 04:39:04 --> Controller "App\Controllers\base\Beranda" loaded.
INFO - 2022-02-05 04:39:34 --> Controller "App\Controllers\base\Beranda" loaded.
INFO - 2022-02-05 04:39:35 --> Controller "App\Controllers\base\Beranda" loaded.
INFO - 2022-02-05 04:39:35 --> Controller "App\Controllers\base\Beranda" loaded.
INFO - 2022-02-05 04:39:38 --> Controller "App\Controllers\base\Beranda" loaded.
INFO - 2022-02-05 04:39:48 --> Controller "App\Controllers\base\Beranda" loaded.
INFO - 2022-02-05 04:39:48 --> Controller "App\Controllers\base\Beranda" loaded.
INFO - 2022-02-05 04:39:48 --> Controller "App\Controllers\base\Beranda" loaded.
INFO - 2022-02-05 04:40:36 --> Controller "App\Controllers\base\Beranda" loaded.
INFO - 2022-02-05 04:40:41 --> Controller "App\Controllers\base\Beranda" loaded.
INFO - 2022-02-05 04:40:42 --> Controller "App\Controllers\base\Beranda" loaded.
INFO - 2022-02-05 04:41:20 --> Controller "App\Controllers\base\Beranda" loaded.
INFO - 2022-02-05 04:41:23 --> Session: Class initialized using 'CodeIgniter\Session\Handlers\FileHandler' driver.
INFO - 2022-02-05 04:41:23 --> Controller "App\Controllers\base\Order" loaded.
INFO - 2022-02-05 04:41:23 --> Session: Class initialized using 'CodeIgniter\Session\Handlers\FileHandler' driver.
INFO - 2022-02-05 04:41:23 --> Controller "App\Controllers\base\Order" loaded.
INFO - 2022-02-05 04:41:23 --> Session: Class initialized using 'CodeIgniter\Session\Handlers\FileHandler' driver.
INFO - 2022-02-05 04:41:23 --> Controller "App\Controllers\base\Order" loaded.
INFO - 2022-02-05 04:41:49 --> Controller "App\Controllers\base\Beranda" loaded.
INFO - 2022-02-05 04:46:53 --> Controller "App\Controllers\base\Beranda" loaded.
INFO - 2022-02-05 04:47:02 --> Controller "App\Controllers\base\Beranda" loaded.
INFO - 2022-02-05 04:49:26 --> Controller "App\Controllers\base\Beranda" loaded.
INFO - 2022-02-05 04:49:31 --> Session: Class initialized using 'CodeIgniter\Session\Handlers\FileHandler' driver.
INFO - 2022-02-05 04:49:31 --> Controller "App\Controllers\base\Order" loaded.
INFO - 2022-02-05 04:49:31 --> Session: Class initialized using 'CodeIgniter\Session\Handlers\FileHandler' driver.
INFO - 2022-02-05 04:49:31 --> Controller "App\Controllers\base\Order" loaded.
INFO - 2022-02-05 04:49:31 --> Session: Class initialized using 'CodeIgniter\Session\Handlers\FileHandler' driver.
INFO - 2022-02-05 04:49:31 --> Controller "App\Controllers\base\Order" loaded.
INFO - 2022-02-05 04:49:34 --> Controller "App\Controllers\base\Beranda" loaded.
INFO - 2022-02-05 04:49:36 --> Session: Class initialized using 'CodeIgniter\Session\Handlers\FileHandler' driver.
INFO - 2022-02-05 04:49:36 --> Controller "App\Controllers\base\Dashboard" loaded.
INFO - 2022-02-05 04:55:03 --> Controller "App\Controllers\base\Beranda" loaded.
INFO - 2022-02-05 04:55:58 --> Session: Class initialized using 'CodeIgniter\Session\Handlers\FileHandler' driver.
INFO - 2022-02-05 04:55:58 --> Controller "App\Controllers\base\Dashboard" loaded.
INFO - 2022-02-05 04:55:59 --> Session: Class initialized using 'CodeIgniter\Session\Handlers\FileHandler' driver.
INFO - 2022-02-05 04:55:59 --> Controller "App\Controllers\base\Dashboard" loaded.
INFO - 2022-02-05 05:00:00 --> Session: Class initialized using 'CodeIgniter\Session\Handlers\FileHandler' driver.
INFO - 2022-02-05 05:00:00 --> Controller "App\Controllers\base\Dashboard" loaded.
INFO - 2022-02-05 05:00:00 --> Session: Class initialized using 'CodeIgniter\Session\Handlers\FileHandler' driver.
INFO - 2022-02-05 05:00:00 --> Controller "App\Controllers\base\Dashboard" loaded.
INFO - 2022-02-05 05:17:35 --> Controller "App\Controllers\base\Beranda" loaded.
INFO - 2022-02-05 05:17:37 --> Controller "App\Controllers\base\Beranda" loaded.
INFO - 2022-02-05 05:18:16 --> Controller "App\Controllers\base\Beranda" loaded.
INFO - 2022-02-05 05:18:34 --> Controller "App\Controllers\base\Beranda" loaded.
INFO - 2022-02-05 05:18:48 --> Controller "App\Controllers\base\Beranda" loaded.
INFO - 2022-02-05 05:19:06 --> Session: Class initialized using 'CodeIgniter\Session\Handlers\FileHandler' driver.
INFO - 2022-02-05 05:19:06 --> Controller "App\Controllers\base\Dashboard" loaded.
INFO - 2022-02-05 05:19:14 --> Session: Class initialized using 'CodeIgniter\Session\Handlers\FileHandler' driver.
INFO - 2022-02-05 05:19:14 --> Controller "App\Controllers\base\Dashboard" loaded.
INFO - 2022-02-05 05:19:14 --> Session: Class initialized using 'CodeIgniter\Session\Handlers\FileHandler' driver.
INFO - 2022-02-05 05:19:14 --> Controller "App\Controllers\base\Dashboard" loaded.
INFO - 2022-02-05 05:19:44 --> Session: Class initialized using 'CodeIgniter\Session\Handlers\FileHandler' driver.
INFO - 2022-02-05 05:19:44 --> Controller "App\Controllers\base\Dashboard" loaded.
INFO - 2022-02-05 05:19:44 --> Session: Class initialized using 'CodeIgniter\Session\Handlers\FileHandler' driver.
INFO - 2022-02-05 05:19:44 --> Controller "App\Controllers\base\Dashboard" loaded.
INFO - 2022-02-05 05:19:50 --> Session: Class initialized using 'CodeIgniter\Session\Handlers\FileHandler' driver.
INFO - 2022-02-05 05:19:50 --> Controller "App\Controllers\base\Dashboard" loaded.
INFO - 2022-02-05 05:19:59 --> Controller "App\Controllers\base\Beranda" loaded.
INFO - 2022-02-05 05:20:06 --> Controller "App\Controllers\base\Beranda" loaded.
INFO - 2022-02-05 05:20:43 --> Controller "App\Controllers\base\Beranda" loaded.
INFO - 2022-02-05 05:20:58 --> Controller "App\Controllers\base\Beranda" loaded.
INFO - 2022-02-05 05:21:05 --> Session: Class initialized using 'CodeIgniter\Session\Handlers\FileHandler' driver.
INFO - 2022-02-05 05:21:05 --> Controller "App\Controllers\base\Dashboard" loaded.
INFO - 2022-02-05 05:21:25 --> Session: Class initialized using 'CodeIgniter\Session\Handlers\FileHandler' driver.
INFO - 2022-02-05 05:21:25 --> Controller "App\Controllers\base\Dashboard" loaded.
INFO - 2022-02-05 05:21:25 --> Session: Class initialized using 'CodeIgniter\Session\Handlers\FileHandler' driver.
INFO - 2022-02-05 05:21:25 --> Controller "App\Controllers\base\Dashboard" loaded.
INFO - 2022-02-05 05:21:53 --> Session: Class initialized using 'CodeIgniter\Session\Handlers\FileHandler' driver.
INFO - 2022-02-05 05:21:53 --> Controller "App\Controllers\base\Dashboard" loaded.
INFO - 2022-02-05 05:21:56 --> Session: Class initialized using 'CodeIgniter\Session\Handlers\FileHandler' driver.
INFO - 2022-02-05 05:21:56 --> Controller "App\Controllers\base\Dashboard" loaded.
INFO - 2022-02-05 05:22:11 --> Session: Class initialized using 'CodeIgniter\Session\Handlers\FileHandler' driver.
INFO - 2022-02-05 05:22:11 --> Controller "App\Controllers\base\Dashboard" loaded.
INFO - 2022-02-05 05:22:19 --> Session: Class initialized using 'CodeIgniter\Session\Handlers\FileHandler' driver.
INFO - 2022-02-05 05:22:19 --> Controller "App\Controllers\base\Dashboard" loaded.
INFO - 2022-02-05 05:22:37 --> Session: Class initialized using 'CodeIgniter\Session\Handlers\FileHandler' driver.
INFO - 2022-02-05 05:22:37 --> Controller "App\Controllers\base\Dashboard" loaded.
INFO - 2022-02-05 05:22:37 --> Session: Class initialized using 'CodeIgniter\Session\Handlers\FileHandler' driver.
INFO - 2022-02-05 05:22:37 --> Controller "App\Controllers\base\Dashboard" loaded.
INFO - 2022-02-05 05:23:13 --> Controller "App\Controllers\base\Beranda" loaded.
INFO - 2022-02-05 05:23:22 --> Session: Class initialized using 'CodeIgniter\Session\Handlers\FileHandler' driver.
INFO - 2022-02-05 05:23:22 --> Controller "App\Controllers\base\Dashboard" loaded.
INFO - 2022-02-05 05:23:37 --> Session: Class initialized using 'CodeIgniter\Session\Handlers\FileHandler' driver.
INFO - 2022-02-05 05:23:37 --> Controller "App\Controllers\base\Dashboard" loaded.
INFO - 2022-02-05 05:23:37 --> Session: Class initialized using 'CodeIgniter\Session\Handlers\FileHandler' driver.
INFO - 2022-02-05 05:23:37 --> Controller "App\Controllers\base\Dashboard" loaded.
INFO - 2022-02-05 05:23:43 --> Controller "App\Controllers\base\Beranda" loaded.
INFO - 2022-02-05 05:24:35 --> Controller "App\Controllers\base\Beranda" loaded.
INFO - 2022-02-05 05:24:36 --> Session: Class initialized using 'CodeIgniter\Session\Handlers\FileHandler' driver.
INFO - 2022-02-05 05:24:36 --> Controller "App\Controllers\base\Dashboard" loaded.
INFO - 2022-02-05 05:24:55 --> Session: Class initialized using 'CodeIgniter\Session\Handlers\FileHandler' driver.
INFO - 2022-02-05 05:24:55 --> Controller "App\Controllers\base\Dashboard" loaded.
INFO - 2022-02-05 05:24:56 --> Session: Class initialized using 'CodeIgniter\Session\Handlers\FileHandler' driver.
INFO - 2022-02-05 05:24:56 --> Controller "App\Controllers\base\Dashboard" loaded.
INFO - 2022-02-05 05:25:12 --> Session: Class initialized using 'CodeIgniter\Session\Handlers\FileHandler' driver.
INFO - 2022-02-05 05:25:12 --> Controller "App\Controllers\base\Dashboard" loaded.
INFO - 2022-02-05 05:25:12 --> Session: Class initialized using 'CodeIgniter\Session\Handlers\FileHandler' driver.
INFO - 2022-02-05 05:25:12 --> Controller "App\Controllers\base\Dashboard" loaded.
INFO - 2022-02-05 05:25:26 --> Session: Class initialized using 'CodeIgniter\Session\Handlers\FileHandler' driver.
INFO - 2022-02-05 05:25:26 --> Controller "App\Controllers\base\Dashboard" loaded.
INFO - 2022-02-05 05:25:41 --> Session: Class initialized using 'CodeIgniter\Session\Handlers\FileHandler' driver.
INFO - 2022-02-05 05:25:41 --> Controller "App\Controllers\base\Dashboard" loaded.
INFO - 2022-02-05 05:25:47 --> Session: Class initialized using 'CodeIgniter\Session\Handlers\FileHandler' driver.
INFO - 2022-02-05 05:25:47 --> Controller "App\Controllers\base\Dashboard" loaded.
INFO - 2022-02-05 05:25:47 --> Session: Class initialized using 'CodeIgniter\Session\Handlers\FileHandler' driver.
INFO - 2022-02-05 05:25:47 --> Controller "App\Controllers\base\Dashboard" loaded.
INFO - 2022-02-05 05:26:01 --> Session: Class initialized using 'CodeIgniter\Session\Handlers\FileHandler' driver.
INFO - 2022-02-05 05:26:01 --> Controller "App\Controllers\base\Dashboard" loaded.
INFO - 2022-02-05 05:26:37 --> Session: Class initialized using 'CodeIgniter\Session\Handlers\FileHandler' driver.
INFO - 2022-02-05 05:26:37 --> Controller "App\Controllers\base\Dashboard" loaded.
INFO - 2022-02-05 05:26:37 --> Session: Class initialized using 'CodeIgniter\Session\Handlers\FileHandler' driver.
INFO - 2022-02-05 05:26:38 --> Controller "App\Controllers\base\Dashboard" loaded.
INFO - 2022-02-05 05:29:47 --> Session: Class initialized using 'CodeIgniter\Session\Handlers\FileHandler' driver.
INFO - 2022-02-05 05:29:47 --> Controller "App\Controllers\base\Dashboard" loaded.
INFO - 2022-02-05 05:30:33 --> Session: Class initialized using 'CodeIgniter\Session\Handlers\FileHandler' driver.
INFO - 2022-02-05 05:30:33 --> Controller "App\Controllers\base\Dashboard" loaded.
INFO - 2022-02-05 05:30:39 --> Session: Class initialized using 'CodeIgniter\Session\Handlers\FileHandler' driver.
INFO - 2022-02-05 05:30:39 --> Controller "App\Controllers\base\Dashboard" loaded.
INFO - 2022-02-05 05:35:12 --> Controller "App\Controllers\base\Beranda" loaded.
INFO - 2022-02-05 05:39:22 --> Controller "App\Controllers\base\Beranda" loaded.
INFO - 2022-02-05 05:39:41 --> Controller "App\Controllers\base\Beranda" loaded.
INFO - 2022-02-05 05:39:50 --> Controller "App\Controllers\base\Beranda" loaded.
INFO - 2022-02-05 05:40:06 --> Controller "App\Controllers\base\Beranda" loaded.
INFO - 2022-02-05 05:40:18 --> Controller "App\Controllers\base\Beranda" loaded.
INFO - 2022-02-05 05:40:28 --> Controller "App\Controllers\base\Beranda" loaded.
INFO - 2022-02-05 05:40:33 --> Controller "App\Controllers\base\Beranda" loaded.
INFO - 2022-02-05 05:40:40 --> Controller "App\Controllers\base\Beranda" loaded.
INFO - 2022-02-05 05:43:05 --> Controller "App\Controllers\base\Beranda" loaded.
INFO - 2022-02-05 05:43:27 --> Controller "App\Controllers\base\Beranda" loaded.
INFO - 2022-02-05 05:43:44 --> Controller "App\Controllers\base\Beranda" loaded.
INFO - 2022-02-05 05:43:57 --> Controller "App\Controllers\base\Beranda" loaded.
INFO - 2022-02-05 05:44:04 --> Controller "App\Controllers\base\Beranda" loaded.
INFO - 2022-02-05 05:44:18 --> Controller "App\Controllers\base\Beranda" loaded.
INFO - 2022-02-05 05:44:25 --> Controller "App\Controllers\base\Beranda" loaded.
INFO - 2022-02-05 05:45:28 --> Controller "App\Controllers\base\Beranda" loaded.
INFO - 2022-02-05 06:36:42 --> Controller "App\Controllers\base\Beranda" loaded.
INFO - 2022-02-05 06:36:57 --> Session: Class initialized using 'CodeIgniter\Session\Handlers\FileHandler' driver.
INFO - 2022-02-05 06:36:57 --> Controller "App\Controllers\base\Dashboard" loaded.
INFO - 2022-02-05 06:37:13 --> Session: Class initialized using 'CodeIgniter\Session\Handlers\FileHandler' driver.
INFO - 2022-02-05 06:37:13 --> Controller "App\Controllers\base\Dashboard" loaded.
INFO - 2022-02-05 06:39:12 --> Controller "App\Controllers\base\Beranda" loaded.
CRITICAL - 2022-02-05 06:42:31 --> Use of undefined constant DOMAIN_UNDANGAN - assumed 'DOMAIN_UNDANGAN' (this will throw an Error in a future version of PHP)
#0 C:\xampp\htdocs\web-wedding\app\Config\Routes.php(21): CodeIgniter\Debug\Exceptions->errorHandler(2, 'Use of undefine...', 'C:\\xampp\\htdocs...', 21, Array)
#1 C:\xampp\htdocs\web-wedding\system\CodeIgniter.php(772): require('C:\\xampp\\htdocs...')
#2 C:\xampp\htdocs\web-wedding\system\CodeIgniter.php(358): CodeIgniter\CodeIgniter->tryToRouteIt(Object(CodeIgniter\Router\RouteCollection))
#3 C:\xampp\htdocs\web-wedding\system\CodeIgniter.php(306): CodeIgniter\CodeIgniter->handleRequest(NULL, Object(Config\Cache), false)
#4 C:\xampp\htdocs\web-wedding\public\index.php(45): CodeIgniter\CodeIgniter->run()
#5 {main}
INFO - 2022-02-05 06:42:45 --> Controller "App\Controllers\base\Beranda" loaded.
INFO - 2022-02-05 06:42:59 --> Controller "App\Controllers\base\Beranda" loaded.
INFO - 2022-02-05 06:43:23 --> Controller "App\Controllers\base\Beranda" loaded.
INFO - 2022-02-05 06:43:28 --> Controller "App\Controllers\base\Beranda" loaded.
INFO - 2022-02-05 06:45:54 --> Controller "CodeIgniter\CLI\CommandRunner" loaded.
INFO - 2022-02-05 06:45:56 --> Controller "App\Controllers\base\Beranda" loaded.
INFO - 2022-02-05 06:49:20 --> Controller "App\Controllers\base\Beranda" loaded.
INFO - 2022-02-05 06:50:32 --> Controller "App\Controllers\base\Beranda" loaded.
INFO - 2022-02-05 06:54:40 --> Controller "App\Controllers\base\Beranda" loaded.
INFO - 2022-02-05 06:54:52 --> Controller "App\Controllers\base\Beranda" loaded.
INFO - 2022-02-05 06:55:19 --> Controller "App\Controllers\base\Beranda" loaded.
INFO - 2022-02-05 06:58:17 --> Controller "App\Controllers\base\Beranda" loaded.
INFO - 2022-02-05 06:58:20 --> Controller "App\Controllers\base\Beranda" loaded.
INFO - 2022-02-05 07:01:24 --> Controller "App\Controllers\base\Beranda" loaded.
INFO - 2022-02-05 07:01:32 --> Controller "App\Controllers\base\Beranda" loaded.
INFO - 2022-02-05 07:01:54 --> Controller "App\Controllers\base\Beranda" loaded.
INFO - 2022-02-05 07:02:05 --> Controller "App\Controllers\base\Beranda" loaded.
INFO - 2022-02-05 07:02:12 --> Controller "App\Controllers\base\Beranda" loaded.
INFO - 2022-02-05 07:05:57 --> Controller "App\Controllers\base\Beranda" loaded.
INFO - 2022-02-05 07:06:33 --> Controller "App\Controllers\base\Beranda" loaded.
INFO - 2022-02-05 07:06:44 --> Controller "CodeIgniter\CLI\CommandRunner" loaded.
INFO - 2022-02-05 07:06:49 --> Controller "App\Controllers\base\Beranda" loaded.
INFO - 2022-02-05 07:07:09 --> Controller "App\Controllers\base\Beranda" loaded.
INFO - 2022-02-05 07:07:24 --> Session: Class initialized using 'CodeIgniter\Session\Handlers\FileHandler' driver.
INFO - 2022-02-05 07:07:24 --> Controller "App\Controllers\base\Dashboard" loaded.
INFO - 2022-02-05 07:10:01 --> Controller "App\Controllers\base\Beranda" loaded.
INFO - 2022-02-05 07:13:42 --> Controller "App\Controllers\base\Beranda" loaded.
INFO - 2022-02-05 07:13:59 --> Controller "App\Controllers\base\Beranda" loaded.
INFO - 2022-02-05 07:14:18 --> Controller "App\Controllers\base\Beranda" loaded.
INFO - 2022-02-05 07:14:30 --> Session: Class initialized using 'CodeIgniter\Session\Handlers\FileHandler' driver.
INFO - 2022-02-05 07:14:30 --> Controller "App\Controllers\base\Dashboard" loaded.
INFO - 2022-02-05 07:14:30 --> Session: Class initialized using 'CodeIgniter\Session\Handlers\FileHandler' driver.
INFO - 2022-02-05 07:14:30 --> Controller "App\Controllers\base\Dashboard" loaded.
INFO - 2022-02-05 07:15:06 --> Session: Class initialized using 'CodeIgniter\Session\Handlers\FileHandler' driver.
INFO - 2022-02-05 07:15:06 --> Controller "App\Controllers\base\Dashboard" loaded.
INFO - 2022-02-05 07:15:06 --> Session: Class initialized using 'CodeIgniter\Session\Handlers\FileHandler' driver.
INFO - 2022-02-05 07:15:06 --> Controller "App\Controllers\base\Dashboard" loaded.
INFO - 2022-02-05 07:27:29 --> Controller "App\Controllers\base\Beranda" loaded.
INFO - 2022-02-05 07:27:31 --> Controller "App\Controllers\base\Beranda" loaded.
INFO - 2022-02-05 07:52:21 --> Controller "App\Controllers\base\Beranda" loaded.
INFO - 2022-02-05 07:52:54 --> Controller "App\Controllers\base\Beranda" loaded.
INFO - 2022-02-05 07:52:59 --> Controller "App\Controllers\base\Beranda" loaded.
INFO - 2022-02-05 07:53:14 --> Controller "CodeIgniter\CLI\CommandRunner" loaded.
INFO - 2022-02-05 07:53:17 --> Controller "App\Controllers\base\Beranda" loaded.
INFO - 2022-02-05 07:53:35 --> Controller "App\Controllers\base\Beranda" loaded.
INFO - 2022-02-05 07:53:45 --> Controller "App\Controllers\base\Beranda" loaded.
INFO - 2022-02-05 07:54:01 --> Controller "App\Controllers\base\Beranda" loaded.
INFO - 2022-02-05 07:54:08 --> Controller "App\Controllers\base\Beranda" loaded.
INFO - 2022-02-05 07:54:21 --> Session: Class initialized using 'CodeIgniter\Session\Handlers\FileHandler' driver.
INFO - 2022-02-05 07:54:21 --> Controller "App\Controllers\base\Dashboard" loaded.
INFO - 2022-02-05 07:54:21 --> Session: Class initialized using 'CodeIgniter\Session\Handlers\FileHandler' driver.
INFO - 2022-02-05 07:54:21 --> Controller "App\Controllers\base\Dashboard" loaded.
INFO - 2022-02-05 07:54:44 --> Session: Class initialized using 'CodeIgniter\Session\Handlers\FileHandler' driver.
INFO - 2022-02-05 07:54:44 --> Controller "App\Controllers\base\Dashboard" loaded.
INFO - 2022-02-05 07:54:44 --> Session: Class initialized using 'CodeIgniter\Session\Handlers\FileHandler' driver.
INFO - 2022-02-05 07:54:44 --> Controller "App\Controllers\base\Dashboard" loaded.
INFO - 2022-02-05 08:12:03 --> Controller "App\Controllers\base\Beranda" loaded.
INFO - 2022-02-05 08:12:23 --> Controller "App\Controllers\base\Beranda" loaded.
INFO - 2022-02-05 08:13:21 --> Session: Class initialized using 'CodeIgniter\Session\Handlers\FileHandler' driver.
INFO - 2022-02-05 08:13:21 --> Controller "App\Controllers\base\Dashboard" loaded.
INFO - 2022-02-05 08:36:42 --> Session: Class initialized using 'CodeIgniter\Session\Handlers\FileHandler' driver.
INFO - 2022-02-05 08:36:42 --> Controller "App\Controllers\base\Dashboard" loaded.
